<?xml version="1.0" encoding="UTF-8"?>
<!-- Generated by org.testng.reporters.JUnitXMLReporter -->
<testsuite hostname="NBVZYS02" name="Regression suite 1" tests="8" failures="0" timestamp="25 Feb 2018 16:31:58 GMT" time="313.213" errors="0">
  <testcase name="search_ProductItems_by_ProductBrand" time="6.645" classname="com.myntra.qa.testcases.HomePageTest"/>
  <testcase name="search_ProductItems_by_ProductBrand" time="4.688" classname="com.myntra.qa.testcases.HomePageTest"/>
  <testcase name="search_ProductItems_by_ProductBrand" time="1.473" classname="com.myntra.qa.testcases.HomePageTest"/>
  <testcase name="search_ProductItems_by_partial_ProductBrandName" time="1.238" classname="com.myntra.qa.testcases.HomePageTest"/>
  <testcase name="search_Add_Product_WishList" time="6.924" classname="com.myntra.qa.testcases.ProductListpageTest"/>
  <testcase name="add_Multiple_Product_To_wishList" time="10.514" classname="com.myntra.qa.testcases.ProductListpageTest"/>
  <testcase name="remove_Product_Item_From_Wishlist" time="27.391" classname="com.myntra.qa.testcases.WishListPageTest"/>
  <testcase name="add_And_Checkout_Product_Items" time="29.803" classname="com.myntra.qa.testcases.WishListPageTest"/>
</testsuite> <!-- Regression suite 1 -->
