<?xml version="1.0" encoding="UTF-8"?>
<!-- Generated by org.testng.reporters.JUnitXMLReporter -->
<testsuite hostname="NBVZYS02" name="Default test" tests="4" failures="0" timestamp="25 Feb 2018 16:23:20 GMT" time="144.399" errors="0">
  <testcase name="search_ProductItems_by_ProductBrand" time="6.61" classname="com.myntra.qa.testcases.HomePageTest"/>
  <testcase name="search_ProductItems_by_ProductBrand" time="5.192" classname="com.myntra.qa.testcases.HomePageTest"/>
  <testcase name="search_ProductItems_by_ProductBrand" time="1.255" classname="com.myntra.qa.testcases.HomePageTest"/>
  <testcase name="search_ProductItems_by_partial_ProductBrandName" time="1.165" classname="com.myntra.qa.testcases.HomePageTest"/>
</testsuite> <!-- Default test -->
