<?xml version="1.0" encoding="UTF-8"?>
<!-- Generated by org.testng.reporters.JUnitXMLReporter -->
<testsuite hostname="NBVZYS02" name="Regression suite 1" tests="8" failures="0" timestamp="24 Feb 2018 16:38:35 GMT" time="367.764" errors="0">
  <testcase name="search_ProductItems_by_ProductBrand" time="5.627" classname="com.myntra.qa.testcases.HomePageTest"/>
  <testcase name="search_ProductItems_by_ProductBrand" time="4.149" classname="com.myntra.qa.testcases.HomePageTest"/>
  <testcase name="search_ProductItems_by_ProductBrand" time="1.047" classname="com.myntra.qa.testcases.HomePageTest"/>
  <testcase name="search_ProductItems_by_partial_ProductBrandName" time="1.058" classname="com.myntra.qa.testcases.HomePageTest"/>
  <testcase name="search_Add_Product_WishList" time="8.525" classname="com.myntra.qa.testcases.ProductListpageTest"/>
  <testcase name="add_Multiple_Product_To_wishList" time="6.962" classname="com.myntra.qa.testcases.ProductListpageTest"/>
  <testcase name="remove_Product_Item_From_Wishlist" time="17.861" classname="com.myntra.qa.testcases.WishListPageTest"/>
  <testcase name="add_And_Checkout_Product_Items" time="19.563" classname="com.myntra.qa.testcases.WishListPageTest"/>
</testsuite> <!-- Regression suite 1 -->
